<?xml version="1.0" encoding="UTF-8"?>
<testng-results total="1" passed="1" failed="0" skipped="0">
  <reporter-output>
  </reporter-output>
  <suite started-at="2019-09-08T16:01:49Z" name="WebDriver" finished-at="2019-09-08T16:02:25Z" duration-ms="36542">
    <groups>
    </groups>
    <test started-at="2019-09-08T16:01:49Z" name="test" finished-at="2019-09-08T16:02:25Z" duration-ms="36542">
      <class name="edurekaclass.NewTest">
        <test-method signature="addressbook()[pri:0, instance:edurekaclass.NewTest@7f9fcf7f]" started-at="2019-09-08T21:31:49Z" name="addressbook" finished-at="2019-09-08T21:32:25Z" duration-ms="36514" status="PASS">
          <reporter-output>
          </reporter-output>
        </test-method> <!-- addressbook -->
      </class> <!-- edurekaclass.NewTest -->
    </test> <!-- test -->
  </suite> <!-- WebDriver -->
</testng-results>
